<?xml version="1.0" encoding="UTF-8"?>
<!-- Generated by org.testng.reporters.JUnitXMLReporter -->
<testsuite ignored="0" hostname="DESKTOP-CNN42RC" failures="0" tests="15" name="Default test" time="66.859" errors="0" timestamp="2022-02-26T12:39:20 IST">
  <testcase classname="TestLayer.HomePageTest" name="EnterUserName" time="0.377"/>
  <testcase classname="TestLayer.HomePageTest" name="EnterPassWord" time="0.204"/>
  <testcase classname="TestLayer.HomePageTest" name="ClickOnloginButton" time="7.295"/>
  <testcase classname="TestLayer.HomePageTest" name="validateLogoIsPresntOrNot" time="0.099"/>
  <testcase classname="TestLayer.HomePageTest" name="validatecickAdmin" time="3.672"/>
  <testcase classname="TestLayer.HomePageTest" name="validateclickpim" time="2.439"/>
  <testcase classname="TestLayer.HomePageTest" name="validateclickleave" time="2.879"/>
  <testcase classname="TestLayer.HomePageTest" name="validateclickOntime" time="1.615"/>
  <testcase classname="TestLayer.HomePageTest" name="validateclickOnreq" time="1.671"/>
  <testcase classname="TestLayer.HomePageTest" name="validateclickOnMy_Info" time="9.181"/>
  <testcase classname="TestLayer.HomePageTest" name="validateclickOnperformance" time="0.184"/>
  <testcase classname="TestLayer.HomePageTest" name="validateclickOnDashBord" time="0.915"/>
  <testcase classname="TestLayer.HomePageTest" name="validateclickOndirectory" time="13.595"/>
  <testcase classname="TestLayer.HomePageTest" name="validatelickOnmaintenace" time="1.002"/>
  <testcase classname="TestLayer.HomePageTest" name="validateClickOnBuzz" time="12.133"/>
</testsuite> <!-- Default test -->
